<?xml version="1.0" encoding="UTF-8"?>
<testng-results skipped="0" failed="0" total="1" passed="1">
  <reporter-output>
  </reporter-output>
  <suite name="Default suite" duration-ms="64667" started-at="2017-09-21T12:11:21Z" finished-at="2017-09-21T12:12:26Z">
    <groups>
    </groups>
    <test name="Default test" duration-ms="64667" started-at="2017-09-21T12:11:21Z" finished-at="2017-09-21T12:12:26Z">
      <class name="cucumberTest.SeleniumTest">
        <test-method status="PASS" signature="Setup()[pri:0, instance:cucumberTest.SeleniumTest@5bcab519]" name="Setup" is-config="true" duration-ms="2759" started-at="2017-09-21T17:41:21Z" finished-at="2017-09-21T17:41:24Z">
          <reporter-output>
          </reporter-output>
        </test-method> <!-- Setup -->
        <test-method status="PASS" signature="TC1_Login()[pri:0, instance:cucumberTest.SeleniumTest@5bcab519]" name="TC1_Login" duration-ms="61898" started-at="2017-09-21T17:41:24Z" finished-at="2017-09-21T17:42:26Z">
          <reporter-output>
          </reporter-output>
        </test-method> <!-- TC1_Login -->
      </class> <!-- cucumberTest.SeleniumTest -->
    </test> <!-- Default test -->
  </suite> <!-- Default suite -->
</testng-results>
